<?xml version="1.0" encoding="utf-8"?><testsuites name="pytest tests"><testsuite name="pytest" errors="0" failures="1" skipped="0" tests="49" time="1.331" timestamp="2026-02-21T20:38:21.341063-05:00" hostname="debian"><testcase classname="tests.test_api_app" name="test_health" time="0.021" /><testcase classname="tests.test_api_app" name="test_list_clusters_returns_obsids_and_fits_url" time="0.012" /><testcase classname="tests.test_api_app" name="test_cluster_detail_returns_regions_and_filtered_plots" time="0.014" /><testcase classname="tests.test_api_app" name="test_cluster_detail_not_found" time="0.011" /><testcase classname="tests.test_api_app" name="test_resolve_name_empty_query_does_not_call_network" time="0.012" /><testcase classname="tests.test_api_app" name="test_fits_download_redirects_when_zenodo_link_exists" time="0.012" /><testcase classname="tests.test_api_app" name="test_fits_download_returns_zip_from_local_files" time="0.016" /><testcase classname="tests.test_api_helpers" name="test_load_zenodo_links_missing_file_returns_empty" time="0.003" /><testcase classname="tests.test_api_helpers" name="test_load_zenodo_links_reads_and_caches" time="0.003" /><testcase classname="tests.test_api_helpers" name="test_zenodo_url_for_cluster_case_insensitive" time="0.003" /><testcase classname="tests.test_api_helpers" name="test_fits_download_url_falls_back_to_local_route" time="0.001" /><testcase classname="tests.test_api_helpers" name="test_ensure_db_raises_when_missing" time="0.002" /><testcase classname="tests.test_api_helpers" name="test_resolve_name_parses_sesame_response" time="0.001" /><testcase classname="tests.test_api_helpers" name="test_resolve_name_handles_network_error" time="0.001" /><testcase classname="tests.test_api_helpers" name="test_get_conn_uses_sqlite_row_factory" time="0.002" /><testcase classname="tests.test_ingest_sql_dump" name="test_split_tuples_handles_multiple_groups" time="0.001" /><testcase classname="tests.test_ingest_sql_dump" name="test_split_fields_handles_commas_inside_quotes" time="0.001" /><testcase classname="tests.test_ingest_sql_dump" name="test_parse_value_converts_types" time="0.001" /><testcase classname="tests.test_ingest_sql_dump" name="test_load_inserts_extracts_rows" time="0.001" /><testcase classname="tests.test_ingest_sql_dump" name="test_create_schema_creates_expected_tables" time="0.001" /><testcase classname="tests.test_pipeline_config" name="test_read_env_file_parses_values" time="0.002" /><testcase classname="tests.test_pipeline_config" name="test_read_env_file_missing_file_returns_empty_dict" time="0.001" /><testcase classname="tests.test_pipeline_config" name="test_load_config_uses_env_file_from_inputs" time="0.002" /><testcase classname="tests.test_pipeline_config" name="test_resolve_db_password_prefers_database_password_file" time="0.002" /><testcase classname="tests.test_pipeline_config" name="test_resolve_db_password_falls_back_to_env" time="0.001" /><testcase classname="tests.test_pipeline_config" name="test_resolve_db_password_uses_default_when_env_missing" time="0.001" /><testcase classname="tests.test_pipeline_config" name="test_resolve_db_password_raises_when_unset" time="0.002" /><testcase classname="tests.test_pipeline_db" name="test_ensure_schema_noop_when_clusters_table_exists" time="0.001" /><testcase classname="tests.test_pipeline_db" name="test_ensure_schema_raises_when_sql_missing" time="0.002" /><testcase classname="tests.test_pipeline_db" name="test_ensure_schema_executes_only_relevant_schema_statements" time="0.003" /><testcase classname="tests.test_pipeline_db" name="test_connect_db_uses_defaults_and_calls_ensure_schema" time="0.002" /><testcase classname="tests.test_pipeline_db_service" name="test_method_delegates_to_database_helpers" time="0.001" /><testcase classname="tests.test_pipeline_db_service" name="test_update_api_db_noop_when_disabled" time="0.001" /><testcase classname="tests.test_pipeline_db_service" name="test_update_api_db_runs_dump_and_ingest" time="0.006"><failure message="AssertionError: assert '-u' == '127.0.0.1'&#10;  &#10;  #x1B[0m#x1B[91m- 127.0.0.1#x1B[39;49;00m#x1B[90m#x1B[39;49;00m&#10;  #x1B[92m+ -u#x1B[39;49;00m#x1B[90m#x1B[39;49;00m">monkeypatch = &lt;_pytest.monkeypatch.MonkeyPatch object at 0x7fe9c02866d0&gt;
tmp_path = PosixPath('/tmp/pytest-of-carterrhea/pytest-16/test_update_api_db_runs_dump_a0')

    def test_update_api_db_runs_dump_and_ingest(monkeypatch, tmp_path):
        service = _service()
        sql_dump = tmp_path / "Lemur_DB.sql"
        sqlite_db = tmp_path / "lemur.db"
        calls = []
    
        def fake_run(cmd, **kwargs):
            calls.append((cmd, kwargs))
            return None
    
        monkeypatch.setattr(ds.subprocess, "run", fake_run)
        monkeypatch.setattr(
            service, "restart_api_if_running", lambda _inputs: calls.append(("restart", {}))
        )
    
        service.update_api_db(
            {
                "update_api": "true",
                "sql_dump_path": str(sql_dump),
                "sqlite_db_path": str(sqlite_db),
            }
        )
    
        # mysqldump then ingest script then restart check
        assert len(calls) == 3
        dump_cmd, dump_kwargs = calls[0]
        ingest_cmd, _ingest_kwargs = calls[1]
        assert dump_cmd[0] == "mysqldump"
&gt;       assert dump_cmd[4] == "127.0.0.1"
E       AssertionError: assert '-u' == '127.0.0.1'
E         
E         #x1B[0m#x1B[91m- 127.0.0.1#x1B[39;49;00m#x1B[90m#x1B[39;49;00m
E         #x1B[92m+ -u#x1B[39;49;00m#x1B[90m#x1B[39;49;00m

tests/test_pipeline_db_service.py:127: AssertionError</failure></testcase><testcase classname="tests.test_pipeline_db_service" name="test_update_api_db_handles_mysqldump_missing" time="0.002" /><testcase classname="tests.test_pipeline_db_service" name="test_restart_api_if_running_noop_when_disabled" time="0.001" /><testcase classname="tests.test_pipeline_db_service" name="test_restart_api_if_running_skips_on_health_failure" time="0.001" /><testcase classname="tests.test_pipeline_db_service" name="test_restart_api_if_running_handles_unreachable_health" time="0.001" /><testcase classname="tests.test_pipeline_db_service" name="test_restart_api_if_running_runs_restart_command" time="0.001" /><testcase classname="tests.test_pipeline_db_service" name="test_restart_api_if_running_handles_restart_failure" time="0.001" /><testcase classname="tests.test_pipeline_module" name="test_parse_obsids_supports_commas_and_spaces_and_dedupes" time="0.001" /><testcase classname="tests.test_pipeline_module" name="test_parse_obsids_rejects_invalid_values" time="0.001" /><testcase classname="tests.test_pipeline_module" name="test_parse_obsids_requires_at_least_one_value" time="0.001" /><testcase classname="tests.test_pipeline_module" name="test_extract_redshift_from_text_prefers_explicit_redshift" time="0.002" /><testcase classname="tests.test_pipeline_module" name="test_extract_redshift_from_text_ignores_quality_lines" time="0.001" /><testcase classname="tests.test_pipeline_module" name="test_parse_args_legacy_mode" time="0.003" /><testcase classname="tests.test_pipeline_module" name="test_parse_args_new_mode" time="0.002" /><testcase classname="tests.test_pipeline_module" name="test_parse_args_rejects_mixed_modes" time="0.002" /><testcase classname="tests.test_pipeline_module" name="test_parse_args_requires_cluster_and_obsids_together" time="0.004" /></testsuite></testsuites>